2023-04-03 00:18:22.839 | INFO     | logs.logger:wrapper:30 - New data sheet added for y labels: 
[22, 24, 26, 28, 30, 32, 34, 36, 38, 40, 42, 44, 46, 48, 50, 52, 54, 56, 58, 60, 62, 64, 66, 68, 70, 72, 74, 76, 78, 80, 82, 84, 86, 88, 90, 92]
2023-04-03 00:19:25.615 | INFO     | logs.logger:wrapper:30 - New data sheet added for y labels: 
[22, 24, 26, 28, 30, 32, 34, 36, 38, 40, 42, 44, 46, 48, 50, 52, 54, 56, 58, 60, 62, 64, 66, 68, 70, 72, 74, 76, 78, 80, 82, 84, 86, 88, 90, 92]
2023-04-03 00:20:01.056 | INFO     | logs.logger:wrapper:30 - New data sheet added for y labels: 
[22, 24, 26, 28, 30, 32, 34, 36, 38, 40, 42, 44, 46, 48, 50, 52, 54, 56, 58, 60, 62, 64, 66, 68, 70, 72, 74, 76, 78, 80, 82, 84, 86, 88, 90, 92]
2023-04-03 00:28:59.765 | INFO     | logs.logger:wrapper:30 - New data sheet added for y labels: 
[22, 24, 26, 28, 30, 32, 34, 36, 38, 40, 42, 44, 46, 48, 50, 52, 54, 56, 58, 60, 62, 64, 66, 68, 70, 72, 74, 76, 78, 80, 82, 84, 86, 88, 90, 92]
2023-04-03 00:33:15.023 | INFO     | logs.logger:wrapper:30 - New data sheet added for y labels: 
[22, 24, 26, 28, 30, 32, 34, 36, 38, 40, 42, 44, 46, 48, 50, 52, 54, 56, 58, 60, 62, 64, 66, 68, 70, 72, 74, 76, 78, 80, 82, 84, 86, 88, 90, 92]
2023-04-03 00:50:36.289 | INFO     | logs.logger:wrapper:30 - New data sheet added for y labels: 
[22, 24, 26, 28, 30, 32, 34, 36, 38, 40, 42, 44, 46, 48, 50, 52, 54, 56, 58, 60, 62, 64, 66, 68, 70, 72, 74, 76, 78, 80, 82, 84, 86, 88, 90, 92]
2023-04-03 00:51:48.449 | INFO     | logs.logger:wrapper:30 - New data sheet added for y labels: 
[22, 24, 26, 28, 30, 32, 34, 36, 38, 40, 42, 44, 46, 48, 50, 52, 54, 56, 58, 60, 62, 64, 66, 68, 70, 72, 74, 76, 78, 80, 82, 84, 86, 88, 90, 92]
2023-04-03 00:52:50.650 | INFO     | logs.logger:wrapper:30 - New data sheet added for y labels: 
[22, 24, 26, 28, 30, 32, 34, 36, 38, 40, 42, 44, 46, 48, 50, 52, 54, 56, 58, 60, 62, 64, 66, 68, 70, 72, 74, 76, 78, 80, 82, 84, 86, 88, 90, 92]
2023-04-03 01:06:46.678 | INFO     | logs.logger:wrapper:30 - New data sheet added for y labels: 
[22, 24, 26, 28, 30, 32, 34, 36, 38, 40, 42, 44, 46, 48, 50, 52, 54, 56, 58, 60, 62, 64, 66, 68, 70, 72, 74, 76, 78, 80, 82, 84, 86, 88, 90, 92]
2023-04-03 01:07:30.855 | INFO     | logs.logger:wrapper:30 - New data sheet added for y labels: 
[22, 24, 26, 28, 30, 32, 34, 36, 38, 40, 42, 44, 46, 48, 50, 52, 54, 56, 58, 60, 62, 64, 66, 68, 70, 72, 74, 76, 78, 80, 82, 84, 86, 88, 90, 92]
2023-04-03 01:07:46.522 | INFO     | logs.logger:wrapper:30 - New data sheet added for y labels: 
[22, 24, 26, 28, 30, 32, 34, 36, 38, 40, 42, 44, 46, 48, 50, 52, 54, 56, 58, 60, 62, 64, 66, 68, 70, 72, 74, 76, 78, 80, 82, 84, 86, 88, 90, 92]
2023-04-03 01:09:26.083 | INFO     | logs.logger:wrapper:30 - New data sheet added for y labels: 
[22, 24, 26, 28, 30, 32, 34, 36, 38, 40, 42, 44, 46, 48, 50, 52, 54, 56, 58, 60, 62, 64, 66, 68, 70, 72, 74, 76, 78, 80, 82, 84, 86, 88, 90, 92]
2023-04-03 09:49:08.540 | INFO     | logs.logger:wrapper:30 - New data sheet added for y labels: 
[22, 24, 26, 28, 30, 32, 34, 36, 38, 40, 42, 44, 46, 48, 50, 52, 54, 56, 58, 60, 62, 64, 66, 68, 70, 72, 74, 76, 78, 80, 82, 84, 86, 88, 90, 92]
2023-04-03 09:52:05.929 | INFO     | logs.logger:wrapper:30 - New data sheet added for y labels: 
[22, 24, 26, 28, 30, 32, 34, 36, 38, 40, 42, 44, 46, 48, 50, 52, 54, 56, 58, 60, 62, 64, 66, 68, 70, 72, 74, 76, 78, 80, 82, 84, 86, 88, 90, 92]
2023-04-03 10:44:06.090 | INFO     | logs.logger:log_empty_dimensions_list:43 - No dimensions found
2023-04-03 10:44:06.091 | INFO     | logs.logger:wrapper:30 - New data sheet added for y labels: 
[22, 24, 26, 28, 30, 32, 34, 36, 38, 40, 42, 44, 46, 48, 50, 52, 54, 56, 58, 60, 62, 64, 66, 68, 70, 72, 74, 76, 78, 80, 82, 84, 86, 88, 90, 92]
2023-04-03 10:44:47.669 | INFO     | logs.logger:wrapper:31 - New data sheet added for y labels: 
[22, 24, 26, 28, 30, 32, 34, 36, 38, 40, 42, 44, 46, 48, 50, 52, 54, 56, 58, 60, 62, 64, 66, 68, 70, 72, 74, 76, 78, 80, 82, 84, 86, 88, 90, 92]
